\BOOKMARK [1][-]{section.1}{1 Introduction}{}% 1
\BOOKMARK [1][-]{section.2}{2 Background}{}% 2
\BOOKMARK [2][-]{subsection.2.1}{2.1 Robot Arms Currently in Use}{section.2}% 3
\BOOKMARK [3][-]{subsubsection.2.1.1}{2.1.1 ABB Robotics}{subsection.2.1}% 4
\BOOKMARK [3][-]{subsubsection.2.1.2}{2.1.2 Universal Robots}{subsection.2.1}% 5
\BOOKMARK [3][-]{subsubsection.2.1.3}{2.1.3 KUKA AG}{subsection.2.1}% 6
\BOOKMARK [2][-]{subsection.2.2}{2.2 Small Industrial Robotic Arm Comparison}{section.2}% 7
\BOOKMARK [2][-]{subsection.2.3}{2.3 Modular Arms}{section.2}% 8
\BOOKMARK [3][-]{subsubsection.2.3.1}{2.3.1 igus Robolink}{subsection.2.3}% 9
\BOOKMARK [3][-]{subsubsection.2.3.2}{2.3.2 Reconfigurable Modular Manipulator}{subsection.2.3}% 10
\BOOKMARK [3][-]{subsubsection.2.3.3}{2.3.3 Modular Robotic Arm}{subsection.2.3}% 11
\BOOKMARK [2][-]{subsection.2.4}{2.4 Our Robotic Arm System}{section.2}% 12
\BOOKMARK [1][-]{section.3}{3 Description of Work}{}% 13
\BOOKMARK [1][-]{section.4}{4 Capstone Design Requirements}{}% 14
\BOOKMARK [2][-]{subsection.4.1}{4.1 Computer Science}{section.4}% 15
\BOOKMARK [2][-]{subsection.4.2}{4.2 Electrical and Computer Engineering}{section.4}% 16
\BOOKMARK [1][-]{section.5}{5 Constraints}{}% 17
\BOOKMARK [1][-]{section.6}{6 Acceptance Criteria}{}% 18
\BOOKMARK [2][-]{subsection.6.1}{6.1 Joint Board}{section.6}% 19
\BOOKMARK [2][-]{subsection.6.2}{6.2 Modify RBE3001 Arm}{section.6}% 20
\BOOKMARK [2][-]{subsection.6.3}{6.3 End Effector}{section.6}% 21
\BOOKMARK [2][-]{subsection.6.4}{6.4 Base}{section.6}% 22
\BOOKMARK [2][-]{subsection.6.5}{6.5 Software Application}{section.6}% 23
\BOOKMARK [2][-]{subsection.6.6}{6.6 Code Library}{section.6}% 24
\BOOKMARK [1][-]{Appendix.a.A}{Appendix A Gantt Chart}{}% 25
